app/build/outputs/logs/manifest-merger-debug-report.txt
-- Merging decision tree log ---
manifest
ADDED from src\main\AndroidManifest.xml:2:1-46:12
	package
		ADDED from src\main\AndroidManifest.xml:3:5-38
		INJECTED from src\main\AndroidManifest.xml
		INJECTED from src\main\AndroidManifest.xml
	android:versionName
		ADDED from src\main\AndroidManifest.xml:5:5-30
		INJECTED from src\main\AndroidManifest.xml
		INJECTED from src\main\AndroidManifest.xml
	android:versionCode
		ADDED from src\main\AndroidManifest.xml:4:5-28
		INJECTED from src\main\AndroidManifest.xml
		INJECTED from src\main\AndroidManifest.xml
	xmlns:android
		ADDED from src\main\AndroidManifest.xml:2:11-69
uses-sdk
ADDED from src\main\AndroidManifest.xml:7:5-9:41
MERGED from [com.android.support:support-v4:21.0.3] AndroidManifest.xml:15:5-42
MERGED from [com.android.support:appcompat-v7:21.0.3] AndroidManifest.xml:15:5-42
MERGED from [com.android.support:support-v4:21.0.3] AndroidManifest.xml:15:5-42
	android:targetSdkVersion
		ADDED from src\main\AndroidManifest.xml:9:9-38
		INJECTED from src\main\AndroidManifest.xml
		INJECTED from src\main\AndroidManifest.xml
	android:minSdkVersion
		ADDED from src\main\AndroidManifest.xml:8:9-34
		INJECTED from src\main\AndroidManifest.xml
		INJECTED from src\main\AndroidManifest.xml
application
ADDED from src\main\AndroidManifest.xml:11:5-44:19
MERGED from [com.android.support:support-v4:21.0.3] AndroidManifest.xml:16:5-19
MERGED from [com.android.support:appcompat-v7:21.0.3] AndroidManifest.xml:16:5-19
MERGED from [com.android.support:support-v4:21.0.3] AndroidManifest.xml:16:5-19
	android:label
		ADDED from src\main\AndroidManifest.xml:14:9-41
	android:allowBackup
		ADDED from src\main\AndroidManifest.xml:12:9-35
	android:icon
		ADDED from src\main\AndroidManifest.xml:13:9-38
	android:theme
		ADDED from src\main\AndroidManifest.xml:15:9-40
activity#com.niit.project.radiom.activity.MainActivity
ADDED from src\main\AndroidManifest.xml:16:9-25:20
	android:label
		ADDED from src\main\AndroidManifest.xml:19:13-45
	android:launchMode
		ADDED from src\main\AndroidManifest.xml:18:13-48
	android:name
		ADDED from src\main\AndroidManifest.xml:17:13-73
intent-filter#android.intent.action.MAIN+android.intent.category.LAUNCHER
ADDED from src\main\AndroidManifest.xml:20:13-24:29
action#android.intent.action.MAIN
ADDED from src\main\AndroidManifest.xml:21:17-69
	android:name
		ADDED from src\main\AndroidManifest.xml:21:25-66
category#android.intent.category.LAUNCHER
ADDED from src\main\AndroidManifest.xml:23:17-77
	android:name
		ADDED from src\main\AndroidManifest.xml:23:27-74
activity#com.niit.project.radiom.activity.FailActivity
ADDED from src\main\AndroidManifest.xml:26:9-27:75
	android:name
		ADDED from src\main\AndroidManifest.xml:27:13-73
activity#com.niit.project.radiom.activity.GameActivity
ADDED from src\main\AndroidManifest.xml:28:9-29:75
	android:name
		ADDED from src\main\AndroidManifest.xml:29:13-73
activity#com.niit.project.radiom.activity.RankActivity
ADDED from src\main\AndroidManifest.xml:30:9-31:75
	android:name
		ADDED from src\main\AndroidManifest.xml:31:13-73
activity#com.niit.project.radiom.activity.SettingActivity
ADDED from src\main\AndroidManifest.xml:32:9-33:78
	android:name
		ADDED from src\main\AndroidManifest.xml:33:13-76
activity#com.niit.project.radiom.activity.SuccessActivity
ADDED from src\main\AndroidManifest.xml:34:9-35:78
	android:name
		ADDED from src\main\AndroidManifest.xml:35:13-76
activity#com.niit.project.radiom.activity.WinActivity
ADDED from src\main\AndroidManifest.xml:36:9-37:74
	android:name
		ADDED from src\main\AndroidManifest.xml:37:13-72
service#com.niit.project.radiom.music.MusicService
ADDED from src\main\AndroidManifest.xml:38:9-43:19
	android:name
		ADDED from src\main\AndroidManifest.xml:39:13-70
intent-filter#com.niit.project.radiom.MusicService
ADDED from src\main\AndroidManifest.xml:40:13-42:29
action#com.niit.project.radiom.MusicService
ADDED from src\main\AndroidManifest.xml:41:17-78
	android:name
		ADDED from src\main\AndroidManifest.xml:41:25-76